<?xml version="1.0" encoding="UTF-8"?>
<testsuite xmlns:xsi="http://www.w3.org/2001/XMLSchema-instance" xsi:noNamespaceSchemaLocation="https://maven.apache.org/surefire/maven-surefire-plugin/xsd/surefire-test-report.xsd" name="devop_project.panda.ColumnTest" time="0.197" tests="25" errors="0" skipped="0" failures="0">
  <properties>
    <property name="java.specification.version" value="13"/>
    <property name="sun.jnu.encoding" value="UTF-8"/>
    <property name="java.class.path" value="/home/r/rognont/git/DevOps-Projet/panda/target/test-classes:/home/r/rognont/git/DevOps-Projet/panda/target/classes:/home/r/rognont/.m2/repository/junit/junit/4.11/junit-4.11.jar:/home/r/rognont/.m2/repository/org/hamcrest/hamcrest-core/1.3/hamcrest-core-1.3.jar:"/>
    <property name="java.vm.vendor" value="Oracle Corporation"/>
    <property name="sun.arch.data.model" value="64"/>
    <property name="java.vendor.url" value="https://java.oracle.com/"/>
    <property name="os.name" value="Linux"/>
    <property name="java.vm.specification.version" value="13"/>
    <property name="sun.java.launcher" value="SUN_STANDARD"/>
    <property name="user.country" value="FR"/>
    <property name="sun.boot.library.path" value="/usr/lib/jvm/jdk-13.0.2/lib"/>
    <property name="sun.java.command" value="/home/r/rognont/git/DevOps-Projet/panda/target/surefire/surefirebooter1094761405610203354.jar /home/r/rognont/git/DevOps-Projet/panda/target/surefire 2023-04-26T10-22-47_390-jvmRun1 surefire1836129962198354802tmp surefire_011732628881300875921tmp"/>
    <property name="jdk.debug" value="release"/>
    <property name="surefire.test.class.path" value="/home/r/rognont/git/DevOps-Projet/panda/target/test-classes:/home/r/rognont/git/DevOps-Projet/panda/target/classes:/home/r/rognont/.m2/repository/junit/junit/4.11/junit-4.11.jar:/home/r/rognont/.m2/repository/org/hamcrest/hamcrest-core/1.3/hamcrest-core-1.3.jar:"/>
    <property name="sun.cpu.endian" value="little"/>
    <property name="user.home" value="/home/r/rognont"/>
    <property name="user.language" value="fr"/>
    <property name="java.specification.vendor" value="Oracle Corporation"/>
    <property name="java.version.date" value="2020-01-14"/>
    <property name="java.home" value="/usr/lib/jvm/jdk-13.0.2"/>
    <property name="file.separator" value="/"/>
    <property name="style.color" value="always"/>
    <property name="basedir" value="/home/r/rognont/git/DevOps-Projet/panda"/>
    <property name="java.vm.compressedOopsMode" value="32-bit"/>
    <property name="line.separator" value="&#10;"/>
    <property name="java.vm.specification.vendor" value="Oracle Corporation"/>
    <property name="java.specification.name" value="Java Platform API Specification"/>
    <property name="surefire.real.class.path" value="/home/r/rognont/git/DevOps-Projet/panda/target/surefire/surefirebooter1094761405610203354.jar"/>
    <property name="sun.management.compiler" value="HotSpot 64-Bit Tiered Compilers"/>
    <property name="java.runtime.version" value="13.0.2+8"/>
    <property name="user.name" value="rognont"/>
    <property name="path.separator" value=":"/>
    <property name="os.version" value="5.19.0-35-generic"/>
    <property name="java.runtime.name" value="OpenJDK Runtime Environment"/>
    <property name="file.encoding" value="UTF-8"/>
    <property name="java.vm.name" value="OpenJDK 64-Bit Server VM"/>
    <property name="localRepository" value="/home/r/rognont/.m2/repository"/>
    <property name="java.vendor.url.bug" value="https://bugreport.java.com/bugreport/"/>
    <property name="java.io.tmpdir" value="/tmp"/>
    <property name="java.version" value="13.0.2"/>
    <property name="user.dir" value="/home/r/rognont/git/DevOps-Projet/panda"/>
    <property name="os.arch" value="amd64"/>
    <property name="java.vm.specification.name" value="Java Virtual Machine Specification"/>
    <property name="java.library.path" value="/usr/java/packages/lib:/usr/lib64:/lib64:/lib:/usr/lib"/>
    <property name="java.vm.info" value="mixed mode, sharing"/>
    <property name="java.vendor" value="Oracle Corporation"/>
    <property name="java.vm.version" value="13.0.2+8"/>
    <property name="sun.io.unicode.encoding" value="UnicodeLittle"/>
    <property name="java.class.version" value="57.0"/>
  </properties>
  <testcase name="columnGetElementTooHighIndexOnNonEmpty" classname="devop_project.panda.ColumnTest" time="0.007"/>
  <testcase name="columnGetElementTooHighIndexOnEmpty" classname="devop_project.panda.ColumnTest" time="0.001"/>
  <testcase name="equalString" classname="devop_project.panda.ColumnTest" time="0"/>
  <testcase name="equalDiffType" classname="devop_project.panda.ColumnTest" time="0"/>
  <testcase name="constructeurNoneEmptyColumnEmptyVector" classname="devop_project.panda.ColumnTest" time="0"/>
  <testcase name="constructeurNoneEmptyColumnNoneEmptyVector" classname="devop_project.panda.ColumnTest" time="0"/>
  <testcase name="intColumnToString" classname="devop_project.panda.ColumnTest" time="0"/>
  <testcase name="columnGetElementRandomIndex" classname="devop_project.panda.ColumnTest" time="0"/>
  <testcase name="emptyColumnToString" classname="devop_project.panda.ColumnTest" time="0"/>
  <testcase name="columnGetElementLast" classname="devop_project.panda.ColumnTest" time="0"/>
  <testcase name="addElementToEmpty" classname="devop_project.panda.ColumnTest" time="0.001"/>
  <testcase name="columnGetElementZeroOnEmptyList" classname="devop_project.panda.ColumnTest" time="0"/>
  <testcase name="addElementToNonEmpty" classname="devop_project.panda.ColumnTest" time="0"/>
  <testcase name="equalEmpty" classname="devop_project.panda.ColumnTest" time="0"/>
  <testcase name="equalFloat" classname="devop_project.panda.ColumnTest" time="0"/>
  <testcase name="constructeurEmptyColumn" classname="devop_project.panda.ColumnTest" time="0"/>
  <testcase name="setElementToEmpty" classname="devop_project.panda.ColumnTest" time="0"/>
  <testcase name="columnGetName" classname="devop_project.panda.ColumnTest" time="0"/>
  <testcase name="columnGetSize" classname="devop_project.panda.ColumnTest" time="0"/>
  <testcase name="columnGetElementFirst" classname="devop_project.panda.ColumnTest" time="0"/>
  <testcase name="columnGetElementNegatif" classname="devop_project.panda.ColumnTest" time="0"/>
  <testcase name="setElementToNonEmpty" classname="devop_project.panda.ColumnTest" time="0"/>
  <testcase name="equalWithDuck" classname="devop_project.panda.ColumnTest" time="0.003"/>
  <testcase name="setName" classname="devop_project.panda.ColumnTest" time="0"/>
  <testcase name="equalDiferentSize" classname="devop_project.panda.ColumnTest" time="0.001"/>
</testsuite>