<?xml version="1.0" encoding="UTF-8"?>
<testsuite xmlns:xsi="http://www.w3.org/2001/XMLSchema-instance" xsi:noNamespaceSchemaLocation="https://maven.apache.org/surefire/maven-surefire-plugin/xsd/surefire-test-report.xsd" name="devop_project.panda.ColumnTest" time="0.177" tests="19" errors="0" skipped="0" failures="0">
  <properties>
    <property name="java.specification.version" value="18"/>
    <property name="sun.jnu.encoding" value="UTF-8"/>
    <property name="java.class.path" value="/home/hugo/git/DevOps-Projet/panda/target/test-classes:/home/hugo/git/DevOps-Projet/panda/target/classes:/home/hugo/.m2/repository/junit/junit/4.11/junit-4.11.jar:/home/hugo/.m2/repository/org/hamcrest/hamcrest-core/1.3/hamcrest-core-1.3.jar:"/>
    <property name="java.vm.vendor" value="Eclipse Adoptium"/>
    <property name="sun.arch.data.model" value="64"/>
    <property name="java.vendor.url" value="https://adoptium.net/"/>
    <property name="os.name" value="Linux"/>
    <property name="java.vm.specification.version" value="18"/>
    <property name="sun.java.launcher" value="SUN_STANDARD"/>
    <property name="user.country" value="FR"/>
    <property name="sun.boot.library.path" value="/home/hugo/.p2/pool/plugins/org.eclipse.justj.openjdk.hotspot.jre.full.linux.x86_64_18.0.2.v20220903-1139/jre/lib"/>
    <property name="sun.java.command" value="/home/hugo/git/DevOps-Projet/panda/target/surefire/surefirebooter831447085094545856.jar /home/hugo/git/DevOps-Projet/panda/target/surefire 2023-04-26T09-53-08_416-jvmRun1 surefire5129367384184893019tmp surefire_011250182455777966991tmp"/>
    <property name="jdk.debug" value="release"/>
    <property name="surefire.test.class.path" value="/home/hugo/git/DevOps-Projet/panda/target/test-classes:/home/hugo/git/DevOps-Projet/panda/target/classes:/home/hugo/.m2/repository/junit/junit/4.11/junit-4.11.jar:/home/hugo/.m2/repository/org/hamcrest/hamcrest-core/1.3/hamcrest-core-1.3.jar:"/>
    <property name="sun.cpu.endian" value="little"/>
    <property name="user.home" value="/home/hugo"/>
    <property name="user.language" value="fr"/>
    <property name="java.specification.vendor" value="Oracle Corporation"/>
    <property name="java.version.date" value="2022-08-18"/>
    <property name="java.home" value="/home/hugo/.p2/pool/plugins/org.eclipse.justj.openjdk.hotspot.jre.full.linux.x86_64_18.0.2.v20220903-1139/jre"/>
    <property name="file.separator" value="/"/>
    <property name="basedir" value="/home/hugo/git/DevOps-Projet/panda"/>
    <property name="style.color" value="always"/>
    <property name="java.vm.compressedOopsMode" value="32-bit"/>
    <property name="line.separator" value="&#10;"/>
    <property name="java.specification.name" value="Java Platform API Specification"/>
    <property name="java.vm.specification.vendor" value="Oracle Corporation"/>
    <property name="surefire.real.class.path" value="/home/hugo/git/DevOps-Projet/panda/target/surefire/surefirebooter831447085094545856.jar"/>
    <property name="sun.management.compiler" value="HotSpot 64-Bit Tiered Compilers"/>
    <property name="java.runtime.version" value="18.0.2.1+1"/>
    <property name="user.name" value="hugo"/>
    <property name="path.separator" value=":"/>
    <property name="os.version" value="5.19.0-40-generic"/>
    <property name="java.runtime.name" value="OpenJDK Runtime Environment"/>
    <property name="file.encoding" value="UTF-8"/>
    <property name="java.vm.name" value="OpenJDK 64-Bit Server VM"/>
    <property name="java.vendor.version" value="Temurin-18.0.2.1+1"/>
    <property name="localRepository" value="/home/hugo/.m2/repository"/>
    <property name="java.vendor.url.bug" value="https://github.com/adoptium/adoptium-support/issues"/>
    <property name="java.io.tmpdir" value="/tmp"/>
    <property name="java.version" value="18.0.2.1"/>
    <property name="user.dir" value="/home/hugo/git/DevOps-Projet/panda"/>
    <property name="os.arch" value="amd64"/>
    <property name="java.vm.specification.name" value="Java Virtual Machine Specification"/>
    <property name="native.encoding" value="UTF-8"/>
    <property name="java.library.path" value="/usr/java/packages/lib:/usr/lib64:/lib64:/lib:/usr/lib"/>
    <property name="java.vm.info" value="mixed mode"/>
    <property name="java.vendor" value="Eclipse Adoptium"/>
    <property name="java.vm.version" value="18.0.2.1+1"/>
    <property name="sun.io.unicode.encoding" value="UnicodeLittle"/>
    <property name="java.class.version" value="62.0"/>
  </properties>
  <testcase name="columnGetElementTooHighIndexOnNonEmpty" classname="devop_project.panda.ColumnTest" time="0.008"/>
  <testcase name="columnGetElementTooHighIndexOnEmpty" classname="devop_project.panda.ColumnTest" time="0.002"/>
  <testcase name="constructeurNoneEmptyColumnEmptyVector" classname="devop_project.panda.ColumnTest" time="0.001"/>
  <testcase name="constructeurNoneEmptyColumnNoneEmptyVector" classname="devop_project.panda.ColumnTest" time="0.001"/>
  <testcase name="intColumnToString" classname="devop_project.panda.ColumnTest" time="0.002"/>
  <testcase name="columnGetElementRandomIndex" classname="devop_project.panda.ColumnTest" time="0.001"/>
  <testcase name="emptyColumnToString" classname="devop_project.panda.ColumnTest" time="0.001"/>
  <testcase name="columnGetElementLast" classname="devop_project.panda.ColumnTest" time="0.001"/>
  <testcase name="addElementToEmpty" classname="devop_project.panda.ColumnTest" time="0.001"/>
  <testcase name="columnGetElementZeroOnEmptyList" classname="devop_project.panda.ColumnTest" time="0.001"/>
  <testcase name="addElementToNonEmpty" classname="devop_project.panda.ColumnTest" time="0.001"/>
  <testcase name="constructeurEmptyColumn" classname="devop_project.panda.ColumnTest" time="0.001"/>
  <testcase name="setElementToEmpty" classname="devop_project.panda.ColumnTest" time="0.001"/>
  <testcase name="columnGetName" classname="devop_project.panda.ColumnTest" time="0"/>
  <testcase name="columnGetSize" classname="devop_project.panda.ColumnTest" time="0.001"/>
  <testcase name="columnGetElementFirst" classname="devop_project.panda.ColumnTest" time="0.001"/>
  <testcase name="columnGetElementNegatif" classname="devop_project.panda.ColumnTest" time="0.003"/>
  <testcase name="setElementToNonEmpty" classname="devop_project.panda.ColumnTest" time="0"/>
  <testcase name="setName" classname="devop_project.panda.ColumnTest" time="0"/>
</testsuite>